<?xml version="1.0" encoding="UTF-8" standalone="no"?>
<!DOCTYPE log SYSTEM "logger.dtd">
<log>
<record>
  <date>2023-02-03T21:29:23.451059600Z</date>
  <millis>1675459763451</millis>
  <nanos>59600</nanos>
  <sequence>0</sequence>
  <logger>principal.Calculadora</logger>
  <level>WARNING</level>
  <class>principal.Calculadora</class>
  <method>main</method>
  <thread>1</thread>
  <message>No se puede dividir entre 0</message>
  <exception>
    <message>java.lang.ArithmeticException: / by zero</message>
    <frame>
      <class>operaciones.Operaciones</class>
      <method>dividir</method>
      <line>55</line>
    </frame>
    <frame>
      <class>principal.Calculadora</class>
      <method>main</method>
      <line>71</line>
    </frame>
  </exception>
</record>
